Update: Sim1.k_0.rho_0.0.pkl | k=0, rho=0.0 | sims=500
  Simulation 1/500
  Simulation 11/500
  Simulation 21/500
  Simulation 31/500
  Simulation 41/500
  Simulation 51/500
  Simulation 61/500
  Simulation 71/500
  Simulation 81/500
  Simulation 91/500
  Simulation 101/500
  Simulation 111/500
  Simulation 121/500
  Simulation 131/500
  Simulation 141/500
  Simulation 151/500
  Simulation 161/500
  Simulation 171/500
  Simulation 181/500
  Simulation 191/500
  Simulation 201/500
  Simulation 211/500
  Simulation 221/500
  Simulation 231/500
  Simulation 241/500
  Simulation 251/500
  Simulation 261/500
  Simulation 271/500
  Simulation 281/500
  Simulation 291/500
  Simulation 301/500
  Simulation 311/500
  Simulation 321/500
  Simulation 331/500
  Simulation 341/500
  Simulation 351/500
  Simulation 361/500
  Simulation 371/500
  Simulation 381/500
  Simulation 391/500
  Simulation 401/500
  Simulation 411/500
  Simulation 421/500
  Simulation 431/500
  Simulation 441/500
  Simulation 451/500
  Simulation 461/500
  Simulation 471/500
  Simulation 481/500
  Simulation 491/500
  → gespeichert in: Results1_neu/Sim1.k_0.rho_0.0.pkl
Update: Sim1.k_0.rho_0.5.pkl | k=0, rho=0.5 | sims=500
  Simulation 1/500
  Simulation 11/500
  Simulation 21/500
  Simulation 31/500
  Simulation 41/500
  Simulation 51/500
  Simulation 61/500
  Simulation 71/500
  Simulation 81/500
  Simulation 91/500
  Simulation 101/500
  Simulation 111/500
  Simulation 121/500
  Simulation 131/500
  Simulation 141/500
  Simulation 151/500
  Simulation 161/500
  Simulation 171/500
  Simulation 181/500
  Simulation 191/500
  Simulation 201/500
  Simulation 211/500
  Simulation 221/500
  Simulation 231/500
  Simulation 241/500
  Simulation 251/500
  Simulation 261/500
  Simulation 271/500
  Simulation 281/500
  Simulation 291/500
  Simulation 301/500
  Simulation 311/500
  Simulation 321/500
  Simulation 331/500
  Simulation 341/500
  Simulation 351/500
  Simulation 361/500
  Simulation 371/500
  Simulation 381/500
  Simulation 391/500
  Simulation 401/500
  Simulation 411/500
  Simulation 421/500
  Simulation 431/500
  Simulation 441/500
  Simulation 451/500
  Simulation 461/500
  Simulation 471/500
  Simulation 481/500
  Simulation 491/500
  → gespeichert in: Results1_neu/Sim1.k_0.rho_0.5.pkl
Update: Sim1.k_0.rho_0.8.pkl | k=0, rho=0.8 | sims=500
  Simulation 1/500
  Simulation 11/500
  Simulation 21/500
  Simulation 31/500
  Simulation 41/500
  Simulation 51/500
  Simulation 61/500
  Simulation 71/500
  Simulation 81/500
  Simulation 91/500
  Simulation 101/500
  Simulation 111/500
  Simulation 121/500
  Simulation 131/500
  Simulation 141/500
  Simulation 151/500
  Simulation 161/500
  Simulation 171/500
  Simulation 181/500
  Simulation 191/500
  Simulation 201/500
  Simulation 211/500
  Simulation 221/500
  Simulation 231/500
  Simulation 241/500
  Simulation 251/500
  Simulation 261/500
  Simulation 271/500
  Simulation 281/500
  Simulation 291/500
  Simulation 301/500
  Simulation 311/500
  Simulation 321/500
  Simulation 331/500
  Simulation 341/500
  Simulation 351/500
  Simulation 361/500
  Simulation 371/500
  Simulation 381/500
  Simulation 391/500
  Simulation 401/500
  Simulation 411/500
  Simulation 421/500
  Simulation 431/500
  Simulation 441/500
  Simulation 451/500
  Simulation 461/500
  Simulation 471/500
  Simulation 481/500
  Simulation 491/500
  → gespeichert in: Results1_neu/Sim1.k_0.rho_0.8.pkl
Update: Sim1.k_10.rho_0.0.pkl | k=10, rho=0 | sims=500
  Simulation 1/500
  Simulation 11/500
  Simulation 21/500
  Simulation 31/500
  Simulation 41/500
  Simulation 51/500
  Simulation 61/500
  Simulation 71/500
  Simulation 81/500
  Simulation 91/500
  Simulation 101/500
  Simulation 111/500
  Simulation 121/500
  Simulation 131/500
  Simulation 141/500
  Simulation 151/500
  Simulation 161/500
  Simulation 171/500
  Simulation 181/500
  Simulation 191/500
  Simulation 201/500
  Simulation 211/500
  Simulation 221/500
  Simulation 231/500
  Simulation 241/500
  Simulation 251/500
  Simulation 261/500
  Simulation 271/500
  Simulation 281/500
  Simulation 291/500
  Simulation 301/500
  Simulation 311/500
  Simulation 321/500
  Simulation 331/500
  Simulation 341/500
  Simulation 351/500
  Simulation 361/500
  Simulation 371/500
  Simulation 381/500
  Simulation 391/500
  Simulation 401/500
  Simulation 411/500
  Simulation 421/500
  Simulation 431/500
  Simulation 441/500
  Simulation 451/500
  Simulation 461/500
  Simulation 471/500
  Simulation 481/500
  Simulation 491/500
  → gespeichert in: Results1_neu/Sim1.k_10.rho_0.0.pkl
Update: Sim1.k_10.rho_0.5.pkl | k=10, rho=0.5 | sims=500
  Simulation 1/500
  Simulation 11/500
  Simulation 21/500
  Simulation 31/500
  Simulation 41/500
  Simulation 51/500
  Simulation 61/500
  Simulation 71/500
  Simulation 81/500
  Simulation 91/500
  Simulation 101/500
  Simulation 111/500
  Simulation 121/500
  Simulation 131/500
  Simulation 141/500
  Simulation 151/500
  Simulation 161/500
  Simulation 171/500
  Simulation 181/500
  Simulation 191/500
  Simulation 201/500
  Simulation 211/500
  Simulation 221/500
  Simulation 231/500
  Simulation 241/500
  Simulation 251/500
  Simulation 261/500
  Simulation 271/500
  Simulation 281/500
  Simulation 291/500
  Simulation 301/500
  Simulation 311/500
  Simulation 321/500
  Simulation 331/500
  Simulation 341/500
  Simulation 351/500
  Simulation 361/500
  Simulation 371/500
  Simulation 381/500
  Simulation 391/500
  Simulation 401/500
  Simulation 411/500
  Simulation 421/500
  Simulation 431/500
  Simulation 441/500
  Simulation 451/500
  Simulation 461/500
  Simulation 471/500
  Simulation 481/500
  Simulation 491/500
  → gespeichert in: Results1_neu/Sim1.k_10.rho_0.5.pkl
Update: Sim1.k_10.rho_0.8.pkl | k=10, rho=0.8 | sims=500
  Simulation 1/500
  Simulation 11/500
  Simulation 21/500
  Simulation 31/500
  Simulation 41/500
  Simulation 51/500
  Simulation 61/500
  Simulation 71/500
  Simulation 81/500
  Simulation 91/500
  Simulation 101/500
  Simulation 111/500
  Simulation 121/500
  Simulation 131/500
  Simulation 141/500
  Simulation 151/500
  Simulation 161/500
  Simulation 171/500
  Simulation 181/500
  Simulation 191/500
  Simulation 201/500
  Simulation 211/500
  Simulation 221/500
  Simulation 231/500
  Simulation 241/500
  Simulation 251/500
  Simulation 261/500
Loss:: nan
l2_regularization: tensor(0.4648)
l2_regularization_skip: tensor(nan)
    Fehler 'lassonet' in Sim 265:  (alte Werte bleiben erhalten)
  Simulation 271/500
  Simulation 281/500
  Simulation 291/500
  Simulation 301/500
  Simulation 311/500
  Simulation 321/500
  Simulation 331/500
  Simulation 341/500
  Simulation 351/500
  Simulation 361/500
  Simulation 371/500
  Simulation 381/500
  Simulation 391/500
  Simulation 401/500
  Simulation 411/500
  Simulation 421/500
  Simulation 431/500
  Simulation 441/500
  Simulation 451/500
  Simulation 461/500
  Simulation 471/500
  Simulation 481/500
  Simulation 491/500
  → gespeichert in: Results1_neu/Sim1.k_10.rho_0.8.pkl
Update: Sim1.k_20.rho_0.0.pkl | k=20, rho=0.0 | sims=500
  Simulation 1/500
  Simulation 11/500
  Simulation 21/500
  Simulation 31/500
  Simulation 41/500
  Simulation 51/500
  Simulation 61/500
  Simulation 71/500
  Simulation 81/500
  Simulation 91/500
  Simulation 101/500
  Simulation 111/500
  Simulation 121/500
  Simulation 131/500
  Simulation 141/500
  Simulation 151/500
  Simulation 161/500
  Simulation 171/500
  Simulation 181/500
  Simulation 191/500
  Simulation 201/500
  Simulation 211/500
  Simulation 221/500
  Simulation 231/500
  Simulation 241/500
  Simulation 251/500
  Simulation 261/500
  Simulation 271/500
  Simulation 281/500
  Simulation 291/500
  Simulation 301/500
  Simulation 311/500
  Simulation 321/500
  Simulation 331/500
  Simulation 341/500
  Simulation 351/500
  Simulation 361/500
  Simulation 371/500
  Simulation 381/500
  Simulation 391/500
  Simulation 401/500
  Simulation 411/500
  Simulation 421/500
  Simulation 431/500
  Simulation 441/500
  Simulation 451/500
  Simulation 461/500
  Simulation 471/500
  Simulation 481/500
  Simulation 491/500
  → gespeichert in: Results1_neu/Sim1.k_20.rho_0.0.pkl
Update: Sim1.k_20.rho_0.5.pkl | k=20, rho=0.5 | sims=500
  Simulation 1/500
  Simulation 11/500
  Simulation 21/500
  Simulation 31/500
  Simulation 41/500
  Simulation 51/500
  Simulation 61/500
  Simulation 71/500
  Simulation 81/500
  Simulation 91/500
  Simulation 101/500
  Simulation 111/500
  Simulation 121/500
  Simulation 131/500
  Simulation 141/500
  Simulation 151/500
  Simulation 161/500
  Simulation 171/500
  Simulation 181/500
  Simulation 191/500
  Simulation 201/500
  Simulation 211/500
  Simulation 221/500
  Simulation 231/500
  Simulation 241/500
  Simulation 251/500
  Simulation 261/500
  Simulation 271/500
  Simulation 281/500
  Simulation 291/500
  Simulation 301/500
  Simulation 311/500
  Simulation 321/500
  Simulation 331/500
  Simulation 341/500
  Simulation 351/500
  Simulation 361/500
  Simulation 371/500
  Simulation 381/500
  Simulation 391/500
  Simulation 401/500
  Simulation 411/500
  Simulation 421/500
  Simulation 431/500
  Simulation 441/500
  Simulation 451/500
  Simulation 461/500
  Simulation 471/500
  Simulation 481/500
  Simulation 491/500
  → gespeichert in: Results1_neu/Sim1.k_20.rho_0.5.pkl
Update: Sim1.k_20.rho_0.8.pkl | k=20, rho=0.8 | sims=500
  Simulation 1/500
  Simulation 11/500
  Simulation 21/500
  Simulation 31/500
  Simulation 41/500
  Simulation 51/500
  Simulation 61/500
  Simulation 71/500
  Simulation 81/500
  Simulation 91/500
  Simulation 101/500
  Simulation 111/500
  Simulation 121/500
  Simulation 131/500
  Simulation 141/500
  Simulation 151/500
  Simulation 161/500
  Simulation 171/500
  Simulation 181/500
  Simulation 191/500
  Simulation 201/500
  Simulation 211/500
  Simulation 221/500
  Simulation 231/500
  Simulation 241/500
  Simulation 251/500
  Simulation 261/500
  Simulation 271/500
  Simulation 281/500
  Simulation 291/500
  Simulation 301/500
  Simulation 311/500
  Simulation 321/500
  Simulation 331/500
  Simulation 341/500
  Simulation 351/500
  Simulation 361/500
  Simulation 371/500
  Simulation 381/500
  Simulation 391/500
  Simulation 401/500
  Simulation 411/500
  Simulation 421/500
  Simulation 431/500
  Simulation 441/500
  Simulation 451/500
  Simulation 461/500
  Simulation 471/500
  Simulation 481/500
  Simulation 491/500
  → gespeichert in: Results1_neu/Sim1.k_20.rho_0.8.pkl
Update: Sim1.k_40.rho_0.0.pkl | k=40, rho=0.0 | sims=500
  Simulation 1/500
  Simulation 11/500
Loss:: nan
l2_regularization: tensor(0.3484)
l2_regularization_skip: tensor(nan)
    Fehler 'lassonet' in Sim 12:  (alte Werte bleiben erhalten)
  Simulation 21/500
  Simulation 31/500
  Simulation 41/500
  Simulation 51/500
  Simulation 61/500
  Simulation 71/500
  Simulation 81/500
  Simulation 91/500
  Simulation 101/500
  Simulation 111/500
  Simulation 121/500
  Simulation 131/500
  Simulation 141/500
  Simulation 151/500
  Simulation 161/500
  Simulation 171/500
  Simulation 181/500
  Simulation 191/500
  Simulation 201/500
  Simulation 211/500
  Simulation 221/500
  Simulation 231/500
  Simulation 241/500
  Simulation 251/500
  Simulation 261/500
  Simulation 271/500
  Simulation 281/500
  Simulation 291/500
  Simulation 301/500
  Simulation 311/500
  Simulation 321/500
  Simulation 331/500
  Simulation 341/500
  Simulation 351/500
  Simulation 361/500
  Simulation 371/500
  Simulation 381/500
  Simulation 391/500
  Simulation 401/500
  Simulation 411/500
  Simulation 421/500
  Simulation 431/500
  Simulation 441/500
  Simulation 451/500
  Simulation 461/500
  Simulation 471/500
  Simulation 481/500
  Simulation 491/500
  → gespeichert in: Results1_neu/Sim1.k_40.rho_0.0.pkl
Update: Sim1.k_40.rho_0.5.pkl | k=40, rho=0.5 | sims=500
  Simulation 1/500
  Simulation 11/500
  Simulation 21/500
  Simulation 31/500
  Simulation 41/500
  Simulation 51/500
  Simulation 61/500
  Simulation 71/500
  Simulation 81/500
  Simulation 91/500
  Simulation 101/500
  Simulation 111/500
  Simulation 121/500
  Simulation 131/500
  Simulation 141/500
  Simulation 151/500
  Simulation 161/500
  Simulation 171/500
  Simulation 181/500
  Simulation 191/500
  Simulation 201/500
  Simulation 211/500
  Simulation 221/500
  Simulation 231/500
  Simulation 241/500
  Simulation 251/500
  Simulation 261/500
  Simulation 271/500
  Simulation 281/500
  Simulation 291/500
  Simulation 301/500
  Simulation 311/500
  Simulation 321/500
  Simulation 331/500
  Simulation 341/500
  Simulation 351/500
  Simulation 361/500
  Simulation 371/500
  Simulation 381/500
  Simulation 391/500
  Simulation 401/500
  Simulation 411/500
  Simulation 421/500
  Simulation 431/500
  Simulation 441/500
  Simulation 451/500
  Simulation 461/500
  Simulation 471/500
  Simulation 481/500
  Simulation 491/500
  → gespeichert in: Results1_neu/Sim1.k_40.rho_0.5.pkl
Update: Sim1.k_40.rho_0.8.pkl | k=40, rho=0.8 | sims=500
  Simulation 1/500
  Simulation 11/500
  Simulation 21/500
  Simulation 31/500
  Simulation 41/500
  Simulation 51/500
  Simulation 61/500
  Simulation 71/500
  Simulation 81/500
  Simulation 91/500
  Simulation 101/500
  Simulation 111/500
  Simulation 121/500
  Simulation 131/500
  Simulation 141/500
  Simulation 151/500
  Simulation 161/500
  Simulation 171/500
  Simulation 181/500
  Simulation 191/500
  Simulation 201/500
  Simulation 211/500
  Simulation 221/500
  Simulation 231/500
  Simulation 241/500
  Simulation 251/500
  Simulation 261/500
  Simulation 271/500
  Simulation 281/500
  Simulation 291/500
  Simulation 301/500
  Simulation 311/500
  Simulation 321/500
  Simulation 331/500
  Simulation 341/500
  Simulation 351/500
  Simulation 361/500
  Simulation 371/500
  Simulation 381/500
  Simulation 391/500
  Simulation 401/500
  Simulation 411/500
  Simulation 421/500
  Simulation 431/500
  Simulation 441/500
  Simulation 451/500
  Simulation 461/500
  Simulation 471/500
  Simulation 481/500
  Simulation 491/500
  → gespeichert in: Results1_neu/Sim1.k_40.rho_0.8.pkl
Update: Sim1.k_5.rho_0.0.pkl | k=5, rho=0 | sims=500
  Simulation 1/500
  Simulation 11/500
  Simulation 21/500
  Simulation 31/500
  Simulation 41/500
  Simulation 51/500
  Simulation 61/500
  Simulation 71/500
  Simulation 81/500
  Simulation 91/500
  Simulation 101/500
  Simulation 111/500
  Simulation 121/500
  Simulation 131/500
  Simulation 141/500
  Simulation 151/500
  Simulation 161/500
  Simulation 171/500
  Simulation 181/500
  Simulation 191/500
  Simulation 201/500
  Simulation 211/500
  Simulation 221/500
  Simulation 231/500
  Simulation 241/500
  Simulation 251/500
  Simulation 261/500
  Simulation 271/500
  Simulation 281/500
  Simulation 291/500
  Simulation 301/500
  Simulation 311/500
  Simulation 321/500
  Simulation 331/500
  Simulation 341/500
  Simulation 351/500
  Simulation 361/500
  Simulation 371/500
  Simulation 381/500
  Simulation 391/500
  Simulation 401/500
  Simulation 411/500
  Simulation 421/500
  Simulation 431/500
  Simulation 441/500
  Simulation 451/500
  Simulation 461/500
  Simulation 471/500
  Simulation 481/500
  Simulation 491/500
  → gespeichert in: Results1_neu/Sim1.k_5.rho_0.0.pkl
Update: Sim1.k_5.rho_0.5.pkl | k=5, rho=0.5 | sims=500
  Simulation 1/500
  Simulation 11/500
  Simulation 21/500
  Simulation 31/500
  Simulation 41/500
  Simulation 51/500
  Simulation 61/500
  Simulation 71/500
  Simulation 81/500
  Simulation 91/500
  Simulation 101/500
  Simulation 111/500
  Simulation 121/500
  Simulation 131/500
  Simulation 141/500
  Simulation 151/500
  Simulation 161/500
  Simulation 171/500
  Simulation 181/500
  Simulation 191/500
  Simulation 201/500
  Simulation 211/500
  Simulation 221/500
  Simulation 231/500
  Simulation 241/500
  Simulation 251/500
  Simulation 261/500
  Simulation 271/500
  Simulation 281/500
  Simulation 291/500
  Simulation 301/500
  Simulation 311/500
  Simulation 321/500
  Simulation 331/500
  Simulation 341/500
  Simulation 351/500
  Simulation 361/500
  Simulation 371/500
  Simulation 381/500
  Simulation 391/500
  Simulation 401/500
  Simulation 411/500
  Simulation 421/500
  Simulation 431/500
  Simulation 441/500
  Simulation 451/500
  Simulation 461/500
  Simulation 471/500
  Simulation 481/500
  Simulation 491/500
  → gespeichert in: Results1_neu/Sim1.k_5.rho_0.5.pkl
Update: Sim1.k_5.rho_0.8.pkl | k=5, rho=0.8 | sims=500
  Simulation 1/500
  Simulation 11/500
  Simulation 21/500
  Simulation 31/500
  Simulation 41/500
  Simulation 51/500
  Simulation 61/500
  Simulation 71/500
  Simulation 81/500
  Simulation 91/500
  Simulation 101/500
  Simulation 111/500
  Simulation 121/500
  Simulation 131/500
  Simulation 141/500
  Simulation 151/500
  Simulation 161/500
  Simulation 171/500
  Simulation 181/500
  Simulation 191/500
  Simulation 201/500
  Simulation 211/500
  Simulation 221/500
  Simulation 231/500
  Simulation 241/500
  Simulation 251/500
  Simulation 261/500
  Simulation 271/500
  Simulation 281/500
  Simulation 291/500
  Simulation 301/500
  Simulation 311/500
  Simulation 321/500
  Simulation 331/500
  Simulation 341/500
  Simulation 351/500
  Simulation 361/500
  Simulation 371/500
  Simulation 381/500
  Simulation 391/500
  Simulation 401/500
  Simulation 411/500
  Simulation 421/500
  Simulation 431/500
  Simulation 441/500
  Simulation 451/500
  Simulation 461/500
  Simulation 471/500
  Simulation 481/500
  Simulation 491/500
  → gespeichert in: Results1_neu/Sim1.k_5.rho_0.8.pkl
