
Scenario 0 (null) | p=1000
  sim 1/100
  sim 11/100
  sim 21/100
  sim 31/100
  sim 41/100
  sim 51/100
  sim 61/100
  sim 71/100
  sim 81/100
  sim 91/100
  sim 100/100
  saved Results3/Sim3T0.k_0_1000.pkl
Scenario a | k=10 | p=1000
  sim 1/100
  sim 11/100
  sim 21/100
  sim 31/100
  sim 41/100
  sim 51/100
  sim 61/100
  sim 71/100
  sim 81/100
  sim 91/100
  sim 100/100
Scenario b | k=10 | p=1000
  sim 1/100
  sim 11/100
  sim 21/100
  sim 31/100
  sim 41/100
  sim 51/100
  sim 61/100
  sim 71/100
  sim 81/100
  sim 91/100
  sim 100/100
Scenario a | k=20 | p=1000
  sim 1/100
  sim 11/100
  sim 21/100
  sim 31/100
  sim 41/100
  sim 51/100
  sim 61/100
  sim 71/100
  sim 81/100
  sim 91/100
  sim 100/100
Scenario b | k=20 | p=1000
  sim 1/100
  sim 11/100
  sim 21/100
  sim 31/100
  sim 41/100
  sim 51/100
  sim 61/100
  sim 71/100
  sim 81/100
  sim 91/100
  sim 100/100
